[debug] [2026-03-21T13:15:15.843Z] ----------------------------------------------------------------------
[debug] [2026-03-21T13:15:15.846Z] Command:       C:\Program Files\nodejs\node.exe C:\Users\skcsa\AppData\Roaming\npm\node_modules\firebase-tools\lib\bin\firebase.js projects:list
[debug] [2026-03-21T13:15:15.846Z] CLI Version:   15.11.0
[debug] [2026-03-21T13:15:15.846Z] Platform:      win32
[debug] [2026-03-21T13:15:15.846Z] Node Version:  v24.13.0
[debug] [2026-03-21T13:15:15.846Z] Time:          Sat Mar 21 2026 15:15:15 GMT+0200 (South Africa Standard Time)
[debug] [2026-03-21T13:15:15.847Z] ----------------------------------------------------------------------
[debug] 
[debug] [2026-03-21T13:15:16.295Z] > command requires scopes: ["email","openid","https://www.googleapis.com/auth/cloudplatformprojects.readonly","https://www.googleapis.com/auth/firebase","https://www.googleapis.com/auth/cloud-platform"]
[debug] [2026-03-21T13:15:16.296Z] > authorizing via signed-in user (sfynn450@gmail.com)
[debug] [2026-03-21T13:15:16.306Z] Checked if tokens are valid: false, expires at: 1774069237879
[debug] [2026-03-21T13:15:16.306Z] Checked if tokens are valid: false, expires at: 1774069237879
[debug] [2026-03-21T13:15:16.306Z] > refreshing access token with scopes: []
[debug] [2026-03-21T13:15:16.311Z] >>> [apiv2][query] POST https://www.googleapis.com/oauth2/v3/token [none]
[debug] [2026-03-21T13:15:16.311Z] >>> [apiv2][body] POST https://www.googleapis.com/oauth2/v3/token [omitted]
[debug] [2026-03-21T13:15:16.925Z] <<< [apiv2][status] POST https://www.googleapis.com/oauth2/v3/token 200
[debug] [2026-03-21T13:15:16.925Z] <<< [apiv2][body] POST https://www.googleapis.com/oauth2/v3/token [omitted]
[error] Authentication Error: Your credentials are no longer valid. Please run firebase login --reauth

For CI servers and headless environments, generate a new token with firebase login:ci
[debug] [2026-03-21T13:15:16.929Z] Authentication Error: Your credentials are no longer valid. Please run firebase login --reauth

For CI servers and headless environments, generate a new token with firebase login:ci
[debug] [2026-03-21T13:15:17.400Z] FirebaseError: Authentication Error: Your credentials are no longer valid. Please run firebase login --reauth

For CI servers and headless environments, generate a new token with firebase login:ci
    at invalidCredentialError (C:\Users\skcsa\AppData\Roaming\npm\node_modules\firebase-tools\lib\auth.js:177:12)
    at refreshTokens (C:\Users\skcsa\AppData\Roaming\npm\node_modules\firebase-tools\lib\auth.js:590:15)
    at process.processTicksAndRejections (node:internal/process/task_queues:103:5)
    at async getAccessToken (C:\Users\skcsa\AppData\Roaming\npm\node_modules\firebase-tools\lib\apiv2.js:52:18)
    at async Client.addAuthHeader (C:\Users\skcsa\AppData\Roaming\npm\node_modules\firebase-tools\lib\apiv2.js:182:21)
    at async Client.request (C:\Users\skcsa\AppData\Roaming\npm\node_modules\firebase-tools\lib\apiv2.js:129:34)
    at async getProjectPage (C:\Users\skcsa\AppData\Roaming\npm\node_modules\firebase-tools\lib\management\projects.js:287:17)
    at async getFirebaseProjectPage (C:\Users\skcsa\AppData\Roaming\npm\node_modules\firebase-tools\lib\management\projects.js:304:23)
    at async listFirebaseProjects (C:\Users\skcsa\AppData\Roaming\npm\node_modules\firebase-tools\lib\management\projects.js:333:29)
    at async Command.actionFn (C:\Users\skcsa\AppData\Roaming\npm\node_modules\firebase-tools\lib\commands\projects-list.js:51:20)
[error] 
[error] Error: Failed to list Firebase projects. See firebase-debug.log for more info.
[debug] [2026-03-21T13:15:17.798Z] Error: EPERM: operation not permitted, open 'C:\Users\skcsa\.config\configstore\firebase-tools.json.1542641300'
    at Object.openSync (node:fs:559:18)
    at writeFile.writeFileSync [as sync] (C:\Users\skcsa\AppData\Roaming\npm\node_modules\firebase-tools\node_modules\write-file-atomic\index.js:205:13)
    at set all (C:\Users\skcsa\AppData\Roaming\npm\node_modules\firebase-tools\node_modules\configstore\index.js:61:20)
    at Configstore.set (C:\Users\skcsa\AppData\Roaming\npm\node_modules\firebase-tools\node_modules\configstore\index.js:91:12)
    at process.<anonymous> (C:\Users\skcsa\AppData\Roaming\npm\node_modules\firebase-tools\lib\bin\cli.js:62:39)
    at process.emit (node:events:520:35)
    at process.processEmit [as emit] (C:\Users\skcsa\AppData\Roaming\npm\node_modules\firebase-tools\node_modules\write-file-atomic\node_modules\signal-exit\index.js:191:37)
    at process.exit (node:internal/process/per_thread:236:15)
    at Timeout._onTimeout (C:\Users\skcsa\AppData\Roaming\npm\node_modules\firebase-tools\lib\errorOut.js:20:17)
    at listOnTimeout (node:internal/timers:605:17)
[error] 
[error] Error: An unexpected error has occurred.
